[15:45:28] [modloading-worker-0/INFO] [javatriggers]: Custom logger initialized - writing to logs/java_triggers.log
[15:45:28] [modloading-worker-0/INFO] [javatriggers]: New ID generated
[15:45:53] [Render thread/INFO] [javatriggers]: Changing trigger General to active
[15:45:53] [Render thread/INFO] [javatriggers]: Changing Song to beat for audio player 0
[15:47:50] [modloading-worker-0/INFO] [javatriggers]: Custom logger initialized - writing to logs/java_triggers.log
[15:47:50] [modloading-worker-0/INFO] [javatriggers]: New ID generated
[15:48:02] [Render thread/INFO] [javatriggers]: Changing trigger General to active
[15:48:02] [Render thread/INFO] [javatriggers]: Changing Song to beat for audio player 0
[15:48:03] [Render thread/INFO] [javatriggers]: [Minim] Successfully loaded resource: C:\Users\drago\AppData\Local\Temp\minim_11173464140422801838.mp3
[15:50:24] [modloading-worker-0/INFO] [javatriggers]: Custom logger initialized - writing to logs/java_triggers.log
[15:50:24] [modloading-worker-0/INFO] [javatriggers]: New ID generated
[15:51:04] [Render thread/INFO] [javatriggers]: Changing trigger General to active
[15:51:04] [Render thread/INFO] [javatriggers]: Changing Song to beat for audio player 0
[15:51:04] [Render thread/INFO] [javatriggers]: [Minim] Successfully loaded resource: C:\Users\drago\AppData\Local\Temp\minim_15880700334486300250.mp3
[15:52:01] [modloading-worker-0/INFO] [javatriggers]: Custom logger initialized - writing to logs/java_triggers.log
[15:52:01] [modloading-worker-0/INFO] [javatriggers]: New ID generated
[15:52:14] [Render thread/INFO] [javatriggers]: Changing trigger General to active
[15:52:14] [Render thread/INFO] [javatriggers]: Changing Song to beat for audio player 0
[15:52:14] [Render thread/INFO] [javatriggers]: [Minim] Successfully loaded resource: C:\Users\drago\AppData\Local\Temp\minim_8292230088176305398.mp3
[15:52:14] [Render thread/ERROR] [javatriggers]: Cannot invoke "ddf.minim.spi.AudioRecordingStream.getFormat()" because "this.mFileStream" is null
[16:08:25] [modloading-worker-0/INFO] [javatriggers]: Custom logger initialized - writing to logs/java_triggers.log
[16:08:25] [modloading-worker-0/INFO] [javatriggers]: New ID generated
[16:08:46] [Render thread/INFO] [javatriggers]: Changing trigger General to active
[16:08:46] [Render thread/INFO] [javatriggers]: Changing Song to beat for audio player 0
[16:08:46] [Render thread/INFO] [javatriggers]: [Minim] Successfully loaded resource: beat.wav
[16:07:48] [modloading-worker-0/INFO] [javatriggers]: Custom logger initialized - writing to logs/java_triggers.log
[16:07:48] [modloading-worker-0/INFO] [javatriggers]: New ID generated
[16:08:42] [Render thread/INFO] [javatriggers]: Changing trigger General to active
[16:08:42] [Render thread/INFO] [javatriggers]: Changing Song to beat for audio player 0
[16:08:42] [Render thread/INFO] [javatriggers]: [Minim] Successfully loaded resource: beat.mp3
[18:36:52] [modloading-worker-0/INFO] [javatriggers]: Custom logger initialized - writing to logs/java_triggers.log
[17:32:13] [modloading-worker-0/INFO] [javatriggers]: Custom logger initialized - writing to logs/java_triggers.log
[17:32:16] [Render thread/INFO] [javatriggers]: Trigger Menu is being set to QUEUED from IDLE
[17:32:16] [Render thread/INFO] [javatriggers]: Trigger Menu is being set to PLAYING from QUEUED
[17:32:16] [Audio_Channel/INFO] [javatriggers]: Passed Loading Check
[17:32:16] [Audio_Channel/INFO] [javatriggers]: Passed switching check: outbreak.mp3
[17:32:16] [Audio_Channel/INFO] [javatriggers]: Player is null!
[17:32:16] [Audio_Queue/INFO] [javatriggers]: Queueing songoutbreak.mp3 for net.cursedmodder.javatriggers.triggers.example.MenuTriggerExample@75a70ec5
[17:32:16] [Audio_Queue/INFO] [javatriggers]: [Minim] Successfully loaded resource: outbreak.mp3
[17:33:51] [modloading-worker-0/INFO] [javatriggers]: Custom logger initialized - writing to logs/java_triggers.log
[17:36:55] [modloading-worker-0/INFO] [javatriggers]: Custom logger initialized - writing to logs/java_triggers.log
[17:36:59] [Render thread/INFO] [javatriggers]: Trigger Menu is being set to QUEUED from IDLE
[17:36:59] [Render thread/INFO] [javatriggers]: Trigger Menu is being set to PLAYING from QUEUED
[17:36:59] [Audio_Channel/INFO] [javatriggers]: Passed Loading Check
[17:36:59] [Audio_Channel/INFO] [javatriggers]: Passed switching check: outbreak.mp3
[17:36:59] [Audio_Channel/INFO] [javatriggers]: Player is null!
[17:36:59] [Audio_Queue/INFO] [javatriggers]: Queueing songoutbreak.mp3 for net.cursedmodder.javatriggers.triggers.example.MenuTriggerExample@7550d8bc
[17:36:59] [Audio_Queue/INFO] [javatriggers]: [Minim] Successfully loaded resource: outbreak.mp3
[17:37:12] [Render thread/INFO] [javatriggers]: Trigger General is being set to QUEUED from IDLE
[17:44:14] [modloading-worker-0/INFO] [javatriggers]: Custom logger initialized - writing to logs/java_triggers.log
[17:44:17] [Render thread/INFO] [javatriggers]: Trigger Menu is being set to QUEUED from IDLE
[17:44:17] [Render thread/INFO] [javatriggers]: Trigger Menu is being set to PLAYING from QUEUED
[17:44:17] [Audio_Channel/INFO] [javatriggers]: Passed Loading Check
[17:44:17] [Audio_Channel/INFO] [javatriggers]: Passed switching check: outbreak.mp3
[17:44:17] [Audio_Channel/INFO] [javatriggers]: Player is null!
[17:44:17] [Audio_Queue/INFO] [javatriggers]: Queueing songoutbreak.mp3 for net.cursedmodder.javatriggers.triggers.example.MenuTriggerExample@4569aa8f
[17:44:17] [Audio_Queue/INFO] [javatriggers]: [Minim] Successfully loaded resource: outbreak.mp3
[17:45:26] [modloading-worker-0/INFO] [javatriggers]: Custom logger initialized - writing to logs/java_triggers.log
[17:45:30] [Render thread/INFO] [javatriggers]: Trigger Menu is being set to QUEUED from IDLE
[17:45:30] [Render thread/INFO] [javatriggers]: Trigger Menu is being set to PLAYING from QUEUED
[17:45:30] [Audio_Channel/INFO] [javatriggers]: Passed Loading Check
[17:45:30] [Audio_Channel/INFO] [javatriggers]: Passed switching check: outbreak.mp3
[17:45:30] [Audio_Channel/INFO] [javatriggers]: Player is null!
[17:45:30] [Audio_Queue/INFO] [javatriggers]: Queueing songoutbreak.mp3 for net.cursedmodder.javatriggers.triggers.example.MenuTriggerExample@4f416a88
[17:45:30] [Audio_Queue/INFO] [javatriggers]: [Minim] Successfully loaded resource: outbreak.mp3
[17:46:01] [modloading-worker-0/INFO] [javatriggers]: Custom logger initialized - writing to logs/java_triggers.log
[17:46:05] [Render thread/INFO] [javatriggers]: Trigger Menu is being set to QUEUED from IDLE
[17:46:05] [Render thread/INFO] [javatriggers]: Trigger Menu is being set to PLAYING from QUEUED
[17:46:05] [Audio_Channel/INFO] [javatriggers]: Passed Loading Check
[17:46:05] [Audio_Channel/INFO] [javatriggers]: Passed switching check: outbreak.mp3
[17:46:05] [Audio_Channel/INFO] [javatriggers]: Player is null!
[17:46:05] [Audio_Queue/INFO] [javatriggers]: Queueing songoutbreak.mp3 for net.cursedmodder.javatriggers.triggers.example.MenuTriggerExample@a67375d
[17:46:05] [Audio_Queue/INFO] [javatriggers]: [Minim] Successfully loaded resource: outbreak.mp3
[17:46:25] [Render thread/INFO] [javatriggers]: Trigger General is being set to QUEUED from IDLE
[17:47:38] [modloading-worker-0/INFO] [javatriggers]: Custom logger initialized - writing to logs/java_triggers.log
[17:47:42] [Render thread/INFO] [javatriggers]: Trigger Menu is being set to QUEUED from IDLE
[17:47:42] [Render thread/INFO] [javatriggers]: Trigger Menu is being set to PLAYING from QUEUED
[17:47:42] [Audio_Channel/INFO] [javatriggers]: Passed Loading Check
[17:47:42] [Audio_Channel/INFO] [javatriggers]: Passed switching check: outbreak.mp3
[17:47:42] [Audio_Channel/INFO] [javatriggers]: Player is null!
[17:47:42] [Audio_Queue/INFO] [javatriggers]: Queueing songoutbreak.mp3 for net.cursedmodder.javatriggers.triggers.example.MenuTriggerExample@69461766
[17:47:42] [Audio_Queue/INFO] [javatriggers]: [Minim] Successfully loaded resource: outbreak.mp3
[17:49:10] [modloading-worker-0/INFO] [javatriggers]: Custom logger initialized - writing to logs/java_triggers.log
[17:49:13] [Render thread/INFO] [javatriggers]: Trigger Menu is being set to QUEUED from IDLE
[17:49:13] [Render thread/INFO] [javatriggers]: Trigger Menu is being set to PLAYING from QUEUED
[17:49:13] [Audio_Channel/INFO] [javatriggers]: Passed Loading Check
[17:49:13] [Audio_Channel/INFO] [javatriggers]: Passed switching check: outbreak.mp3
[17:49:13] [Audio_Channel/INFO] [javatriggers]: Player is null!
[17:49:13] [Audio_Queue/INFO] [javatriggers]: Queueing songoutbreak.mp3 for net.cursedmodder.javatriggers.triggers.example.MenuTriggerExample@27a57a3c
[17:49:13] [Audio_Queue/INFO] [javatriggers]: [Minim] Successfully loaded resource: outbreak.mp3
[17:49:39] [modloading-worker-0/INFO] [javatriggers]: Custom logger initialized - writing to logs/java_triggers.log
[17:49:43] [Render thread/INFO] [javatriggers]: Trigger Menu is being set to QUEUED from IDLE
[17:49:43] [Render thread/INFO] [javatriggers]: Trigger Menu is being set to PLAYING from QUEUED
[17:49:43] [Audio_Channel/INFO] [javatriggers]: Passed Loading Check
[17:49:43] [Audio_Channel/INFO] [javatriggers]: Passed switching check: outbreak.mp3
[17:49:43] [Audio_Channel/INFO] [javatriggers]: Player is null!
[17:49:43] [Audio_Queue/INFO] [javatriggers]: Queueing songoutbreak.mp3 for net.cursedmodder.javatriggers.triggers.example.MenuTriggerExample@31e3bd0a
[17:49:43] [Audio_Queue/INFO] [javatriggers]: [Minim] Successfully loaded resource: outbreak.mp3
[17:51:59] [modloading-worker-0/INFO] [javatriggers]: Custom logger initialized - writing to logs/java_triggers.log
[17:52:03] [Render thread/INFO] [javatriggers]: Trigger Menu is being set to QUEUED from IDLE
[17:52:03] [Render thread/INFO] [javatriggers]: Trigger Menu is being set to PLAYING from QUEUED
[17:52:03] [Audio_Channel/INFO] [javatriggers]: Passed Loading Check
[17:52:03] [Audio_Channel/INFO] [javatriggers]: Passed switching check: outbreak.mp3
[17:52:03] [Audio_Channel/INFO] [javatriggers]: Player is null!
[17:52:03] [Audio_Queue/INFO] [javatriggers]: Queueing songoutbreak.mp3 for net.cursedmodder.javatriggers.triggers.example.MenuTriggerExample@54facec3
[17:52:03] [Audio_Queue/INFO] [javatriggers]: [Minim] Successfully loaded resource: outbreak.mp3
[17:52:56] [modloading-worker-0/INFO] [javatriggers]: Custom logger initialized - writing to logs/java_triggers.log
[17:53:00] [Render thread/INFO] [javatriggers]: Trigger Menu is being set to QUEUED from IDLE
[17:53:00] [Render thread/INFO] [javatriggers]: Trigger Menu is being set to PLAYING from QUEUED
[17:53:00] [Audio_Channel/INFO] [javatriggers]: Passed Loading Check
[17:53:00] [Audio_Channel/INFO] [javatriggers]: Passed switching check: outbreak.mp3
[17:53:00] [Audio_Channel/INFO] [javatriggers]: Player is null!
[17:53:00] [Audio_Queue/INFO] [javatriggers]: Queueing songoutbreak.mp3 for net.cursedmodder.javatriggers.triggers.example.MenuTriggerExample@5d51e19f
[17:53:00] [Audio_Queue/INFO] [javatriggers]: [Minim] Successfully loaded resource: outbreak.mp3
[18:14:55] [modloading-worker-0/INFO] [javatriggers]: Custom logger initialized - writing to logs/java_triggers.log
[18:14:59] [Render thread/INFO] [javatriggers]: Trigger Menu is being set to QUEUED from IDLE
[18:14:59] [Render thread/INFO] [javatriggers]: Trigger Menu is being set to PLAYING from QUEUED
[18:14:59] [Audio_Channel/INFO] [javatriggers]: Passed Loading Check
[18:14:59] [Audio_Channel/INFO] [javatriggers]: Passed switching check: outbreak.mp3
[18:14:59] [Audio_Channel/INFO] [javatriggers]: Player is null!
[18:14:59] [Audio_Queue/INFO] [javatriggers]: Queueing songoutbreak.mp3 for net.cursedmodder.javatriggers.triggers.example.MenuTriggerExample@35a82955
[18:14:59] [Audio_Queue/INFO] [javatriggers]: [Minim] Successfully loaded resource: outbreak.mp3
[18:15:26] [modloading-worker-0/INFO] [javatriggers]: Custom logger initialized - writing to logs/java_triggers.log
[18:15:29] [Render thread/INFO] [javatriggers]: Trigger Menu is being set to QUEUED from IDLE
[18:15:29] [Render thread/INFO] [javatriggers]: Trigger Menu is being set to PLAYING from QUEUED
[18:15:29] [Audio_Channel/INFO] [javatriggers]: Passed Loading Check
[18:15:29] [Audio_Channel/INFO] [javatriggers]: Passed switching check: outbreak.mp3
[18:15:29] [Audio_Channel/INFO] [javatriggers]: Player is null!
[18:15:29] [Audio_Queue/INFO] [javatriggers]: Queueing songoutbreak.mp3 for net.cursedmodder.javatriggers.triggers.example.MenuTriggerExample@77e30903
[18:15:29] [Audio_Queue/INFO] [javatriggers]: [Minim] Successfully loaded resource: outbreak.mp3
[18:17:16] [modloading-worker-0/INFO] [javatriggers]: Custom logger initialized - writing to logs/java_triggers.log
[18:17:20] [Render thread/INFO] [javatriggers]: Trigger Menu is being set to QUEUED from IDLE
[18:17:20] [Render thread/INFO] [javatriggers]: Trigger Menu is being set to PLAYING from QUEUED
[18:17:20] [Audio_Channel/INFO] [javatriggers]: Passed Loading Check
[18:17:20] [Audio_Channel/INFO] [javatriggers]: Passed switching check: outbreak.mp3
[18:17:20] [Audio_Channel/INFO] [javatriggers]: Player is null!
[18:17:20] [Audio_Queue/INFO] [javatriggers]: Queueing songoutbreak.mp3 for net.cursedmodder.javatriggers.triggers.example.MenuTriggerExample@64e2a0ab
[18:17:20] [Audio_Queue/INFO] [javatriggers]: [Minim] Successfully loaded resource: outbreak.mp3
[18:17:30] [Render thread/INFO] [javatriggers]: Trigger General is being set to QUEUED from IDLE
[18:19:55] [modloading-worker-0/INFO] [javatriggers]: Custom logger initialized - writing to logs/java_triggers.log
[18:19:59] [Render thread/INFO] [javatriggers]: Trigger Menu is being set to QUEUED from IDLE
[18:19:59] [Render thread/INFO] [javatriggers]: Trigger Menu is being set to PLAYING from QUEUED
[18:19:59] [Audio_Channel/INFO] [javatriggers]: Passed Loading Check
[18:19:59] [Audio_Channel/INFO] [javatriggers]: Passed switching check: outbreak.mp3
[18:19:59] [Audio_Channel/INFO] [javatriggers]: Player is null!
[18:19:59] [Audio_Queue/INFO] [javatriggers]: Queueing songoutbreak.mp3 for net.cursedmodder.javatriggers.triggers.example.MenuTriggerExample@74009c0f
[18:19:59] [Audio_Queue/INFO] [javatriggers]: [Minim] Successfully loaded resource: outbreak.mp3
[18:20:53] [modloading-worker-0/INFO] [javatriggers]: Custom logger initialized - writing to logs/java_triggers.log
[18:20:57] [Render thread/INFO] [javatriggers]: Trigger Menu is being set to QUEUED from IDLE
[18:20:57] [Render thread/INFO] [javatriggers]: Trigger Menu is being set to PLAYING from QUEUED
[18:20:57] [Audio_Channel/INFO] [javatriggers]: Passed Loading Check
[18:20:57] [Audio_Channel/INFO] [javatriggers]: Passed switching check: outbreak.mp3
[18:20:57] [Audio_Channel/INFO] [javatriggers]: Player is null!
[18:20:57] [Audio_Queue/INFO] [javatriggers]: Queueing songoutbreak.mp3 for net.cursedmodder.javatriggers.triggers.example.MenuTriggerExample@2833e7b1
[18:20:57] [Audio_Queue/INFO] [javatriggers]: [Minim] Successfully loaded resource: outbreak.mp3
